[02-Oct-2018 10:43:45 UTC] PHP Notice:  Undefined property: WP_Ajax_Upgrader_Skin::$api in /Applications/MAMP/htdocs/labo1_CMP/wp-admin/includes/class-theme-upgrader.php on line 122
[02-Oct-2018 13:00:11 UTC] PHP Warning:  require(/Applications/MAMP/htdocs/labo1_CMP/wp-content/themes/wp-bootstrap-starter/inc/custom-header.php): failed to open stream: No such file or directory in /Applications/MAMP/htdocs/labo1_CMP/wp-content/themes/wp-bootstrap-starter/functions.php on line 245
[02-Oct-2018 13:00:11 UTC] PHP Fatal error:  require(): Failed opening required '/Applications/MAMP/htdocs/labo1_CMP/wp-content/themes/wp-bootstrap-starter/inc/custom-header.php' (include_path='.:/Applications/MAMP/bin/php/php7.1.20/lib/php') in /Applications/MAMP/htdocs/labo1_CMP/wp-content/themes/wp-bootstrap-starter/functions.php on line 245
[02-Oct-2018 13:20:21 UTC] PHP Warning:  require(/Applications/MAMP/htdocs/labo1_CMP/wp-content/themes/wp-bootstrap-starter/inc/plugin-compatibility/plugin-compatibility.php): failed to open stream: No such file or directory in /Applications/MAMP/htdocs/labo1_CMP/wp-content/themes/wp-bootstrap-starter/functions.php on line 265
[02-Oct-2018 13:20:21 UTC] PHP Fatal error:  require(): Failed opening required '/Applications/MAMP/htdocs/labo1_CMP/wp-content/themes/wp-bootstrap-starter/inc/plugin-compatibility/plugin-compatibility.php' (include_path='.:/Applications/MAMP/bin/php/php7.1.20/lib/php') in /Applications/MAMP/htdocs/labo1_CMP/wp-content/themes/wp-bootstrap-starter/functions.php on line 265
[02-Oct-2018 16:35:35 UTC] PHP Notice:  Undefined variable: parent in /Applications/MAMP/htdocs/labo1_CMP/wp-content/themes/wp-bootstrap-starter/page.php on line 60
[02-Oct-2018 16:39:35 UTC] PHP Parse error:  syntax error, unexpected end of file in /Applications/MAMP/htdocs/labo1_CMP/wp-content/themes/wp-bootstrap-starter/page.php on line 73
[02-Oct-2018 16:39:37 UTC] PHP Parse error:  syntax error, unexpected end of file in /Applications/MAMP/htdocs/labo1_CMP/wp-content/themes/wp-bootstrap-starter/page.php on line 73
[02-Oct-2018 18:13:58 UTC] PHP Notice:  Theme without comments.php is <strong>deprecated</strong> since version 3.0.0 with no alternative available. Please include a comments.php template in your theme. in /Applications/MAMP/htdocs/labo1_CMP/wp-includes/functions.php on line 3984
[02-Oct-2018 18:14:00 UTC] PHP Notice:  Theme without comments.php is <strong>deprecated</strong> since version 3.0.0 with no alternative available. Please include a comments.php template in your theme. in /Applications/MAMP/htdocs/labo1_CMP/wp-includes/functions.php on line 3984
[02-Oct-2018 18:22:35 UTC] PHP Notice:  Theme without comments.php is <strong>deprecated</strong> since version 3.0.0 with no alternative available. Please include a comments.php template in your theme. in /Applications/MAMP/htdocs/labo1_CMP/wp-includes/functions.php on line 3984
[02-Oct-2018 18:24:12 UTC] PHP Warning:  require(/Applications/MAMP/htdocs/labo1_CMP/wp-content/themes/wp-bootstrap-starter/inc/custom-header.php): failed to open stream: No such file or directory in /Applications/MAMP/htdocs/labo1_CMP/wp-content/themes/wp-bootstrap-starter/functions.php on line 245
[02-Oct-2018 18:24:12 UTC] PHP Fatal error:  require(): Failed opening required '/Applications/MAMP/htdocs/labo1_CMP/wp-content/themes/wp-bootstrap-starter/inc/custom-header.php' (include_path='.:/Applications/MAMP/bin/php/php7.1.20/lib/php') in /Applications/MAMP/htdocs/labo1_CMP/wp-content/themes/wp-bootstrap-starter/functions.php on line 245
[02-Oct-2018 18:25:59 UTC] PHP Fatal error:  Uncaught Error: Call to undefined function wp_bootstrap_starter_bg_class() in /Applications/MAMP/htdocs/labo1_CMP/wp-content/themes/wp-bootstrap-starter/header.php:24
Stack trace:
#0 /Applications/MAMP/htdocs/labo1_CMP/wp-includes/template.php(688): require_once()
#1 /Applications/MAMP/htdocs/labo1_CMP/wp-includes/template.php(647): load_template('/Applications/M...', true)
#2 /Applications/MAMP/htdocs/labo1_CMP/wp-includes/general-template.php(41): locate_template(Array, true)
#3 /Applications/MAMP/htdocs/labo1_CMP/wp-content/themes/wp-bootstrap-starter/full-width.php(6): get_header()
#4 /Applications/MAMP/htdocs/labo1_CMP/wp-includes/template-loader.php(74): include('/Applications/M...')
#5 /Applications/MAMP/htdocs/labo1_CMP/wp-blog-header.php(19): require_once('/Applications/M...')
#6 /Applications/MAMP/htdocs/labo1_CMP/index.php(17): require('/Applications/M...')
#7 {main}
  thrown in /Applications/MAMP/htdocs/labo1_CMP/wp-content/themes/wp-bootstrap-starter/header.php on line 24
[02-Oct-2018 18:26:06 UTC] PHP Fatal error:  Uncaught Error: Call to undefined function wp_bootstrap_starter_bg_class() in /Applications/MAMP/htdocs/labo1_CMP/wp-content/themes/wp-bootstrap-starter/header.php:24
Stack trace:
#0 /Applications/MAMP/htdocs/labo1_CMP/wp-includes/template.php(688): require_once()
#1 /Applications/MAMP/htdocs/labo1_CMP/wp-includes/template.php(647): load_template('/Applications/M...', true)
#2 /Applications/MAMP/htdocs/labo1_CMP/wp-includes/general-template.php(41): locate_template(Array, true)
#3 /Applications/MAMP/htdocs/labo1_CMP/wp-content/themes/wp-bootstrap-starter/full-width.php(6): get_header()
#4 /Applications/MAMP/htdocs/labo1_CMP/wp-includes/template-loader.php(74): include('/Applications/M...')
#5 /Applications/MAMP/htdocs/labo1_CMP/wp-blog-header.php(19): require_once('/Applications/M...')
#6 /Applications/MAMP/htdocs/labo1_CMP/index.php(17): require('/Applications/M...')
#7 {main}
  thrown in /Applications/MAMP/htdocs/labo1_CMP/wp-content/themes/wp-bootstrap-starter/header.php on line 24
[02-Oct-2018 18:26:15 UTC] PHP Fatal error:  Uncaught Error: Call to undefined function wp_bootstrap_starter_bg_class() in /Applications/MAMP/htdocs/labo1_CMP/wp-content/themes/wp-bootstrap-starter/header.php:24
Stack trace:
#0 /Applications/MAMP/htdocs/labo1_CMP/wp-includes/template.php(688): require_once()
#1 /Applications/MAMP/htdocs/labo1_CMP/wp-includes/template.php(647): load_template('/Applications/M...', true)
#2 /Applications/MAMP/htdocs/labo1_CMP/wp-includes/general-template.php(41): locate_template(Array, true)
#3 /Applications/MAMP/htdocs/labo1_CMP/wp-content/themes/wp-bootstrap-starter/full-width.php(6): get_header()
#4 /Applications/MAMP/htdocs/labo1_CMP/wp-includes/template-loader.php(74): include('/Applications/M...')
#5 /Applications/MAMP/htdocs/labo1_CMP/wp-blog-header.php(19): require_once('/Applications/M...')
#6 /Applications/MAMP/htdocs/labo1_CMP/index.php(17): require('/Applications/M...')
#7 {main}
  thrown in /Applications/MAMP/htdocs/labo1_CMP/wp-content/themes/wp-bootstrap-starter/header.php on line 24
[02-Oct-2018 18:26:31 UTC] PHP Fatal error:  Uncaught Error: Call to undefined function wp_bootstrap_starter_posted_on() in /Applications/MAMP/htdocs/labo1_CMP/wp-content/themes/wp-bootstrap-starter/template-parts/content.php:26
Stack trace:
#0 /Applications/MAMP/htdocs/labo1_CMP/wp-includes/template.php(690): require()
#1 /Applications/MAMP/htdocs/labo1_CMP/wp-includes/template.php(647): load_template('/Applications/M...', false)
#2 /Applications/MAMP/htdocs/labo1_CMP/wp-includes/general-template.php(155): locate_template(Array, true, false)
#3 /Applications/MAMP/htdocs/labo1_CMP/wp-content/themes/wp-bootstrap-starter/index.php(27): get_template_part('template-parts/...', '')
#4 /Applications/MAMP/htdocs/labo1_CMP/wp-includes/template-loader.php(74): include('/Applications/M...')
#5 /Applications/MAMP/htdocs/labo1_CMP/wp-blog-header.php(19): require_once('/Applications/M...')
#6 /Applications/MAMP/htdocs/labo1_CMP/index.php(17): require('/Applications/M...')
#7 {main}
  thrown in /Applications/MAMP/htdocs/labo1_CMP/wp-content/themes/wp-bootstrap-starter/template-parts/content.php on line 26
[02-Oct-2018 18:27:15 UTC] PHP Fatal error:  Uncaught Error: Call to undefined function wp_bootstrap_starter_bg_class() in /Applications/MAMP/htdocs/labo1_CMP/wp-content/themes/wp-bootstrap-starter/header.php:24
Stack trace:
#0 /Applications/MAMP/htdocs/labo1_CMP/wp-includes/template.php(688): require_once()
#1 /Applications/MAMP/htdocs/labo1_CMP/wp-includes/template.php(647): load_template('/Applications/M...', true)
#2 /Applications/MAMP/htdocs/labo1_CMP/wp-includes/general-template.php(41): locate_template(Array, true)
#3 /Applications/MAMP/htdocs/labo1_CMP/wp-content/themes/wp-bootstrap-starter/full-width.php(6): get_header()
#4 /Applications/MAMP/htdocs/labo1_CMP/wp-includes/template-loader.php(74): include('/Applications/M...')
#5 /Applications/MAMP/htdocs/labo1_CMP/wp-blog-header.php(19): require_once('/Applications/M...')
#6 /Applications/MAMP/htdocs/labo1_CMP/index.php(17): require('/Applications/M...')
#7 {main}
  thrown in /Applications/MAMP/htdocs/labo1_CMP/wp-content/themes/wp-bootstrap-starter/header.php on line 24
[02-Oct-2018 18:27:34 UTC] PHP Notice:  Theme without comments.php is <strong>deprecated</strong> since version 3.0.0 with no alternative available. Please include a comments.php template in your theme. in /Applications/MAMP/htdocs/labo1_CMP/wp-includes/functions.php on line 3984
[02-Oct-2018 18:27:39 UTC] PHP Notice:  Theme without comments.php is <strong>deprecated</strong> since version 3.0.0 with no alternative available. Please include a comments.php template in your theme. in /Applications/MAMP/htdocs/labo1_CMP/wp-includes/functions.php on line 3984
[02-Oct-2018 18:27:41 UTC] PHP Notice:  Theme without comments.php is <strong>deprecated</strong> since version 3.0.0 with no alternative available. Please include a comments.php template in your theme. in /Applications/MAMP/htdocs/labo1_CMP/wp-includes/functions.php on line 3984
[02-Oct-2018 18:27:42 UTC] PHP Notice:  Theme without comments.php is <strong>deprecated</strong> since version 3.0.0 with no alternative available. Please include a comments.php template in your theme. in /Applications/MAMP/htdocs/labo1_CMP/wp-includes/functions.php on line 3984
[02-Oct-2018 18:31:34 UTC] PHP Notice:  Theme without comments.php is <strong>deprecated</strong> since version 3.0.0 with no alternative available. Please include a comments.php template in your theme. in /Applications/MAMP/htdocs/labo1_CMP/wp-includes/functions.php on line 3984
[02-Oct-2018 18:31:47 UTC] PHP Notice:  Theme without comments.php is <strong>deprecated</strong> since version 3.0.0 with no alternative available. Please include a comments.php template in your theme. in /Applications/MAMP/htdocs/labo1_CMP/wp-includes/functions.php on line 3984
[02-Oct-2018 18:32:07 UTC] PHP Notice:  Theme without comments.php is <strong>deprecated</strong> since version 3.0.0 with no alternative available. Please include a comments.php template in your theme. in /Applications/MAMP/htdocs/labo1_CMP/wp-includes/functions.php on line 3984
[02-Oct-2018 18:32:14 UTC] PHP Notice:  Theme without comments.php is <strong>deprecated</strong> since version 3.0.0 with no alternative available. Please include a comments.php template in your theme. in /Applications/MAMP/htdocs/labo1_CMP/wp-includes/functions.php on line 3984
[02-Oct-2018 18:33:05 UTC] PHP Notice:  Theme without comments.php is <strong>deprecated</strong> since version 3.0.0 with no alternative available. Please include a comments.php template in your theme. in /Applications/MAMP/htdocs/labo1_CMP/wp-includes/functions.php on line 3984
[02-Oct-2018 18:33:06 UTC] PHP Notice:  Theme without comments.php is <strong>deprecated</strong> since version 3.0.0 with no alternative available. Please include a comments.php template in your theme. in /Applications/MAMP/htdocs/labo1_CMP/wp-includes/functions.php on line 3984
[02-Oct-2018 18:34:12 UTC] PHP Notice:  Theme without comments.php is <strong>deprecated</strong> since version 3.0.0 with no alternative available. Please include a comments.php template in your theme. in /Applications/MAMP/htdocs/labo1_CMP/wp-includes/functions.php on line 3984
[02-Oct-2018 18:40:34 UTC] PHP Warning:  require(/Applications/MAMP/htdocs/labo1_CMP/wp-content/themes/wp-bootstrap-starter/inc/partials.php): failed to open stream: No such file or directory in /Applications/MAMP/htdocs/labo1_CMP/wp-content/themes/wp-bootstrap-starter/functions.php on line 250
[02-Oct-2018 18:40:34 UTC] PHP Fatal error:  require(): Failed opening required '/Applications/MAMP/htdocs/labo1_CMP/wp-content/themes/wp-bootstrap-starter/inc/partials.php' (include_path='.:/Applications/MAMP/bin/php/php7.1.20/lib/php') in /Applications/MAMP/htdocs/labo1_CMP/wp-content/themes/wp-bootstrap-starter/functions.php on line 250
[02-Oct-2018 18:40:41 UTC] PHP Warning:  require(/Applications/MAMP/htdocs/labo1_CMP/wp-content/themes/wp-bootstrap-starter/inc/partials.php): failed to open stream: No such file or directory in /Applications/MAMP/htdocs/labo1_CMP/wp-content/themes/wp-bootstrap-starter/functions.php on line 250
[02-Oct-2018 18:40:41 UTC] PHP Fatal error:  require(): Failed opening required '/Applications/MAMP/htdocs/labo1_CMP/wp-content/themes/wp-bootstrap-starter/inc/partials.php' (include_path='.:/Applications/MAMP/bin/php/php7.1.20/lib/php') in /Applications/MAMP/htdocs/labo1_CMP/wp-content/themes/wp-bootstrap-starter/functions.php on line 250
[02-Oct-2018 18:40:42 UTC] PHP Warning:  require(/Applications/MAMP/htdocs/labo1_CMP/wp-content/themes/wp-bootstrap-starter/inc/partials.php): failed to open stream: No such file or directory in /Applications/MAMP/htdocs/labo1_CMP/wp-content/themes/wp-bootstrap-starter/functions.php on line 250
[02-Oct-2018 18:40:42 UTC] PHP Fatal error:  require(): Failed opening required '/Applications/MAMP/htdocs/labo1_CMP/wp-content/themes/wp-bootstrap-starter/inc/partials.php' (include_path='.:/Applications/MAMP/bin/php/php7.1.20/lib/php') in /Applications/MAMP/htdocs/labo1_CMP/wp-content/themes/wp-bootstrap-starter/functions.php on line 250
[02-Oct-2018 18:41:17 UTC] PHP Warning:  require(/Applications/MAMP/htdocs/labo1_CMP/wp-content/themes/wp-bootstrap-starter/inc/partials.php): failed to open stream: No such file or directory in /Applications/MAMP/htdocs/labo1_CMP/wp-content/themes/wp-bootstrap-starter/functions.php on line 250
[02-Oct-2018 18:41:17 UTC] PHP Fatal error:  require(): Failed opening required '/Applications/MAMP/htdocs/labo1_CMP/wp-content/themes/wp-bootstrap-starter/inc/partials.php' (include_path='.:/Applications/MAMP/bin/php/php7.1.20/lib/php') in /Applications/MAMP/htdocs/labo1_CMP/wp-content/themes/wp-bootstrap-starter/functions.php on line 250
[02-Oct-2018 18:41:22 UTC] PHP Warning:  require(/Applications/MAMP/htdocs/labo1_CMP/wp-content/themes/wp-bootstrap-starter/inc/partials.php): failed to open stream: No such file or directory in /Applications/MAMP/htdocs/labo1_CMP/wp-content/themes/wp-bootstrap-starter/functions.php on line 250
[02-Oct-2018 18:41:22 UTC] PHP Fatal error:  require(): Failed opening required '/Applications/MAMP/htdocs/labo1_CMP/wp-content/themes/wp-bootstrap-starter/inc/partials.php' (include_path='.:/Applications/MAMP/bin/php/php7.1.20/lib/php') in /Applications/MAMP/htdocs/labo1_CMP/wp-content/themes/wp-bootstrap-starter/functions.php on line 250
[02-Oct-2018 18:42:54 UTC] PHP Notice:  Theme without comments.php is <strong>deprecated</strong> since version 3.0.0 with no alternative available. Please include a comments.php template in your theme. in /Applications/MAMP/htdocs/labo1_CMP/wp-includes/functions.php on line 3984
[02-Oct-2018 18:43:03 UTC] PHP Notice:  Theme without comments.php is <strong>deprecated</strong> since version 3.0.0 with no alternative available. Please include a comments.php template in your theme. in /Applications/MAMP/htdocs/labo1_CMP/wp-includes/functions.php on line 3984
[02-Oct-2018 18:49:21 UTC] PHP Warning:  require(/Applications/MAMP/htdocs/labo1_CMP/wp-content/themes/wp-bootstrap-starter/inc/custom-header.php): failed to open stream: No such file or directory in /Applications/MAMP/htdocs/labo1_CMP/wp-content/themes/wp-bootstrap-starter/functions.php on line 245
[02-Oct-2018 18:49:21 UTC] PHP Fatal error:  require(): Failed opening required '/Applications/MAMP/htdocs/labo1_CMP/wp-content/themes/wp-bootstrap-starter/inc/custom-header.php' (include_path='.:/Applications/MAMP/bin/php/php7.1.20/lib/php') in /Applications/MAMP/htdocs/labo1_CMP/wp-content/themes/wp-bootstrap-starter/functions.php on line 245
[02-Oct-2018 18:50:52 UTC] PHP Warning:  require(/Applications/MAMP/htdocs/labo1_CMP/wp-content/themes/wp-bootstrap-starter/inc/plugin-compatibility/jetpack/jetpack.php): failed to open stream: No such file or directory in /Applications/MAMP/htdocs/labo1_CMP/wp-content/themes/wp-bootstrap-starter/wp_bootstrap_starter/plugin-compatibility/plugin-compatibility.php on line 5
[02-Oct-2018 18:50:52 UTC] PHP Fatal error:  require(): Failed opening required '/Applications/MAMP/htdocs/labo1_CMP/wp-content/themes/wp-bootstrap-starter/inc/plugin-compatibility/jetpack/jetpack.php' (include_path='.:/Applications/MAMP/bin/php/php7.1.20/lib/php') in /Applications/MAMP/htdocs/labo1_CMP/wp-content/themes/wp-bootstrap-starter/wp_bootstrap_starter/plugin-compatibility/plugin-compatibility.php on line 5
[02-Oct-2018 18:52:14 UTC] PHP Warning:  require(/Applications/MAMP/htdocs/labo1_CMP/wp-content/themes/wp-bootstrap-starter/inc/plugin-compatibility/jetpack/jetpack.php): failed to open stream: No such file or directory in /Applications/MAMP/htdocs/labo1_CMP/wp-content/themes/wp-bootstrap-starter/wp_bootstrap_starter/plugin-compatibility/plugin-compatibility.php on line 5
[02-Oct-2018 18:52:14 UTC] PHP Fatal error:  require(): Failed opening required '/Applications/MAMP/htdocs/labo1_CMP/wp-content/themes/wp-bootstrap-starter/inc/plugin-compatibility/jetpack/jetpack.php' (include_path='.:/Applications/MAMP/bin/php/php7.1.20/lib/php') in /Applications/MAMP/htdocs/labo1_CMP/wp-content/themes/wp-bootstrap-starter/wp_bootstrap_starter/plugin-compatibility/plugin-compatibility.php on line 5
[02-Oct-2018 18:52:15 UTC] PHP Warning:  require(/Applications/MAMP/htdocs/labo1_CMP/wp-content/themes/wp-bootstrap-starter/inc/plugin-compatibility/jetpack/jetpack.php): failed to open stream: No such file or directory in /Applications/MAMP/htdocs/labo1_CMP/wp-content/themes/wp-bootstrap-starter/wp_bootstrap_starter/plugin-compatibility/plugin-compatibility.php on line 5
[02-Oct-2018 18:52:15 UTC] PHP Fatal error:  require(): Failed opening required '/Applications/MAMP/htdocs/labo1_CMP/wp-content/themes/wp-bootstrap-starter/inc/plugin-compatibility/jetpack/jetpack.php' (include_path='.:/Applications/MAMP/bin/php/php7.1.20/lib/php') in /Applications/MAMP/htdocs/labo1_CMP/wp-content/themes/wp-bootstrap-starter/wp_bootstrap_starter/plugin-compatibility/plugin-compatibility.php on line 5
[02-Oct-2018 18:55:44 UTC] PHP Warning:  require(/Applications/MAMP/htdocs/labo1_CMP/wp-content/themes/wp-bootstrap-starter/inc/plugin-compatibility/jetpack/jetpack.php): failed to open stream: No such file or directory in /Applications/MAMP/htdocs/labo1_CMP/wp-content/themes/wp-bootstrap-starter/wp_bootstrap_starter/plugin-compatibility/plugin-compatibility.php on line 5
[02-Oct-2018 18:55:44 UTC] PHP Fatal error:  require(): Failed opening required '/Applications/MAMP/htdocs/labo1_CMP/wp-content/themes/wp-bootstrap-starter/inc/plugin-compatibility/jetpack/jetpack.php' (include_path='.:/Applications/MAMP/bin/php/php7.1.20/lib/php') in /Applications/MAMP/htdocs/labo1_CMP/wp-content/themes/wp-bootstrap-starter/wp_bootstrap_starter/plugin-compatibility/plugin-compatibility.php on line 5
[02-Oct-2018 18:55:50 UTC] PHP Warning:  require(/Applications/MAMP/htdocs/labo1_CMP/wp-content/themes/wp-bootstrap-starter/inc/plugin-compatibility/jetpack/jetpack.php): failed to open stream: No such file or directory in /Applications/MAMP/htdocs/labo1_CMP/wp-content/themes/wp-bootstrap-starter/wp_bootstrap_starter/plugin-compatibility/plugin-compatibility.php on line 5
[02-Oct-2018 18:55:50 UTC] PHP Fatal error:  require(): Failed opening required '/Applications/MAMP/htdocs/labo1_CMP/wp-content/themes/wp-bootstrap-starter/inc/plugin-compatibility/jetpack/jetpack.php' (include_path='.:/Applications/MAMP/bin/php/php7.1.20/lib/php') in /Applications/MAMP/htdocs/labo1_CMP/wp-content/themes/wp-bootstrap-starter/wp_bootstrap_starter/plugin-compatibility/plugin-compatibility.php on line 5
[02-Oct-2018 18:55:54 UTC] PHP Warning:  require(/Applications/MAMP/htdocs/labo1_CMP/wp-content/themes/wp-bootstrap-starter/inc/plugin-compatibility/jetpack/jetpack.php): failed to open stream: No such file or directory in /Applications/MAMP/htdocs/labo1_CMP/wp-content/themes/wp-bootstrap-starter/wp_bootstrap_starter/plugin-compatibility/plugin-compatibility.php on line 5
[02-Oct-2018 18:55:54 UTC] PHP Fatal error:  require(): Failed opening required '/Applications/MAMP/htdocs/labo1_CMP/wp-content/themes/wp-bootstrap-starter/inc/plugin-compatibility/jetpack/jetpack.php' (include_path='.:/Applications/MAMP/bin/php/php7.1.20/lib/php') in /Applications/MAMP/htdocs/labo1_CMP/wp-content/themes/wp-bootstrap-starter/wp_bootstrap_starter/plugin-compatibility/plugin-compatibility.php on line 5
[02-Oct-2018 18:55:57 UTC] PHP Warning:  require(/Applications/MAMP/htdocs/labo1_CMP/wp-content/themes/wp-bootstrap-starter/inc/plugin-compatibility/jetpack/jetpack.php): failed to open stream: No such file or directory in /Applications/MAMP/htdocs/labo1_CMP/wp-content/themes/wp-bootstrap-starter/wp_bootstrap_starter/plugin-compatibility/plugin-compatibility.php on line 5
[02-Oct-2018 18:55:57 UTC] PHP Fatal error:  require(): Failed opening required '/Applications/MAMP/htdocs/labo1_CMP/wp-content/themes/wp-bootstrap-starter/inc/plugin-compatibility/jetpack/jetpack.php' (include_path='.:/Applications/MAMP/bin/php/php7.1.20/lib/php') in /Applications/MAMP/htdocs/labo1_CMP/wp-content/themes/wp-bootstrap-starter/wp_bootstrap_starter/plugin-compatibility/plugin-compatibility.php on line 5
[02-Oct-2018 18:55:59 UTC] PHP Warning:  require(/Applications/MAMP/htdocs/labo1_CMP/wp-content/themes/wp-bootstrap-starter/inc/plugin-compatibility/jetpack/jetpack.php): failed to open stream: No such file or directory in /Applications/MAMP/htdocs/labo1_CMP/wp-content/themes/wp-bootstrap-starter/wp_bootstrap_starter/plugin-compatibility/plugin-compatibility.php on line 5
[02-Oct-2018 18:55:59 UTC] PHP Fatal error:  require(): Failed opening required '/Applications/MAMP/htdocs/labo1_CMP/wp-content/themes/wp-bootstrap-starter/inc/plugin-compatibility/jetpack/jetpack.php' (include_path='.:/Applications/MAMP/bin/php/php7.1.20/lib/php') in /Applications/MAMP/htdocs/labo1_CMP/wp-content/themes/wp-bootstrap-starter/wp_bootstrap_starter/plugin-compatibility/plugin-compatibility.php on line 5
[02-Oct-2018 18:56:46 UTC] PHP Warning:  require(/Applications/MAMP/htdocs/labo1_CMP/wp-content/themes/wp-bootstrap-starter/inc/plugin-compatibility/jetpack/jetpack.php): failed to open stream: No such file or directory in /Applications/MAMP/htdocs/labo1_CMP/wp-content/themes/wp-bootstrap-starter/wp_bootstrap_starter/plugin-compatibility/plugin-compatibility.php on line 5
[02-Oct-2018 18:56:46 UTC] PHP Fatal error:  require(): Failed opening required '/Applications/MAMP/htdocs/labo1_CMP/wp-content/themes/wp-bootstrap-starter/inc/plugin-compatibility/jetpack/jetpack.php' (include_path='.:/Applications/MAMP/bin/php/php7.1.20/lib/php') in /Applications/MAMP/htdocs/labo1_CMP/wp-content/themes/wp-bootstrap-starter/wp_bootstrap_starter/plugin-compatibility/plugin-compatibility.php on line 5
[02-Oct-2018 18:56:50 UTC] PHP Warning:  require(/Applications/MAMP/htdocs/labo1_CMP/wp-content/themes/wp-bootstrap-starter../wp_bootstrap_starter/plugin-compatibility/jetpack/jetpack.php): failed to open stream: No such file or directory in /Applications/MAMP/htdocs/labo1_CMP/wp-content/themes/wp-bootstrap-starter/wp_bootstrap_starter/plugin-compatibility/plugin-compatibility.php on line 5
[02-Oct-2018 18:56:50 UTC] PHP Fatal error:  require(): Failed opening required '/Applications/MAMP/htdocs/labo1_CMP/wp-content/themes/wp-bootstrap-starter../wp_bootstrap_starter/plugin-compatibility/jetpack/jetpack.php' (include_path='.:/Applications/MAMP/bin/php/php7.1.20/lib/php') in /Applications/MAMP/htdocs/labo1_CMP/wp-content/themes/wp-bootstrap-starter/wp_bootstrap_starter/plugin-compatibility/plugin-compatibility.php on line 5
[02-Oct-2018 18:57:22 UTC] PHP Warning:  require(/Applications/MAMP/htdocs/labo1_CMP/wp-content/themes/wp-bootstrap-starter/inc/plugin-compatibility/plugin-compatibility.php): failed to open stream: No such file or directory in /Applications/MAMP/htdocs/labo1_CMP/wp-content/themes/wp-bootstrap-starter/functions.php on line 261
[02-Oct-2018 18:57:22 UTC] PHP Fatal error:  require(): Failed opening required '/Applications/MAMP/htdocs/labo1_CMP/wp-content/themes/wp-bootstrap-starter/inc/plugin-compatibility/plugin-compatibility.php' (include_path='.:/Applications/MAMP/bin/php/php7.1.20/lib/php') in /Applications/MAMP/htdocs/labo1_CMP/wp-content/themes/wp-bootstrap-starter/functions.php on line 261
[02-Oct-2018 18:57:28 UTC] PHP Warning:  require(/Applications/MAMP/htdocs/labo1_CMP/wp-content/themes/wp-bootstrap-starter/inc/custom-header.php): failed to open stream: No such file or directory in /Applications/MAMP/htdocs/labo1_CMP/wp-content/themes/wp-bootstrap-starter/functions.php on line 245
[02-Oct-2018 18:57:28 UTC] PHP Fatal error:  require(): Failed opening required '/Applications/MAMP/htdocs/labo1_CMP/wp-content/themes/wp-bootstrap-starter/inc/custom-header.php' (include_path='.:/Applications/MAMP/bin/php/php7.1.20/lib/php') in /Applications/MAMP/htdocs/labo1_CMP/wp-content/themes/wp-bootstrap-starter/functions.php on line 245
[02-Oct-2018 18:57:37 UTC] PHP Warning:  require(/Applications/MAMP/htdocs/labo1_CMP/wp-content/themes/wp-bootstrap-starter/inc/custom-header.php): failed to open stream: No such file or directory in /Applications/MAMP/htdocs/labo1_CMP/wp-content/themes/wp-bootstrap-starter/functions.php on line 245
[02-Oct-2018 18:57:37 UTC] PHP Fatal error:  require(): Failed opening required '/Applications/MAMP/htdocs/labo1_CMP/wp-content/themes/wp-bootstrap-starter/inc/custom-header.php' (include_path='.:/Applications/MAMP/bin/php/php7.1.20/lib/php') in /Applications/MAMP/htdocs/labo1_CMP/wp-content/themes/wp-bootstrap-starter/functions.php on line 245
[02-Oct-2018 18:57:50 UTC] PHP Warning:  require(/Applications/MAMP/htdocs/labo1_CMP/wp-content/themes/wp-bootstrap-starter../wp_bootstrap_starter/plugin-compatibility/jetpack/jetpack.php): failed to open stream: No such file or directory in /Applications/MAMP/htdocs/labo1_CMP/wp-content/themes/wp-bootstrap-starter/inc/plugin-compatibility/plugin-compatibility.php on line 5
[02-Oct-2018 18:57:50 UTC] PHP Fatal error:  require(): Failed opening required '/Applications/MAMP/htdocs/labo1_CMP/wp-content/themes/wp-bootstrap-starter../wp_bootstrap_starter/plugin-compatibility/jetpack/jetpack.php' (include_path='.:/Applications/MAMP/bin/php/php7.1.20/lib/php') in /Applications/MAMP/htdocs/labo1_CMP/wp-content/themes/wp-bootstrap-starter/inc/plugin-compatibility/plugin-compatibility.php on line 5
[02-Oct-2018 19:07:13 UTC] PHP Notice:  Theme without comments.php is <strong>deprecated</strong> since version 3.0.0 with no alternative available. Please include a comments.php template in your theme. in /Applications/MAMP/htdocs/labo1_CMP/wp-includes/functions.php on line 3984
[02-Oct-2018 19:09:26 UTC] PHP Fatal error:  Uncaught Error: Call to undefined function wp_bootstrap_starter_bg_class() in /Applications/MAMP/htdocs/labo1_CMP/wp-content/themes/wp-bootstrap-starter/header.php:24
Stack trace:
#0 /Applications/MAMP/htdocs/labo1_CMP/wp-includes/template.php(688): require_once()
#1 /Applications/MAMP/htdocs/labo1_CMP/wp-includes/template.php(647): load_template('/Applications/M...', true)
#2 /Applications/MAMP/htdocs/labo1_CMP/wp-includes/general-template.php(41): locate_template(Array, true)
#3 /Applications/MAMP/htdocs/labo1_CMP/wp-content/themes/wp-bootstrap-starter/single.php(9): get_header()
#4 /Applications/MAMP/htdocs/labo1_CMP/wp-includes/template-loader.php(74): include('/Applications/M...')
#5 /Applications/MAMP/htdocs/labo1_CMP/wp-blog-header.php(19): require_once('/Applications/M...')
#6 /Applications/MAMP/htdocs/labo1_CMP/index.php(17): require('/Applications/M...')
#7 {main}
  thrown in /Applications/MAMP/htdocs/labo1_CMP/wp-content/themes/wp-bootstrap-starter/header.php on line 24
[02-Oct-2018 19:11:27 UTC] PHP Notice:  Theme without comments.php is <strong>deprecated</strong> since version 3.0.0 with no alternative available. Please include a comments.php template in your theme. in /Applications/MAMP/htdocs/labo1_CMP/wp-includes/functions.php on line 3984
[02-Oct-2018 19:11:43 UTC] PHP Notice:  Theme without comments.php is <strong>deprecated</strong> since version 3.0.0 with no alternative available. Please include a comments.php template in your theme. in /Applications/MAMP/htdocs/labo1_CMP/wp-includes/functions.php on line 3984
[02-Oct-2018 19:12:35 UTC] PHP Warning:  call_user_func_array() expects parameter 1 to be a valid callback, function 'wp_bootstrap_starter_content_width' not found or invalid function name in /Applications/MAMP/htdocs/labo1_CMP/wp-includes/class-wp-hook.php on line 286
[02-Oct-2018 19:14:11 UTC] PHP Notice:  Theme without comments.php is <strong>deprecated</strong> since version 3.0.0 with no alternative available. Please include a comments.php template in your theme. in /Applications/MAMP/htdocs/labo1_CMP/wp-includes/functions.php on line 3984
[02-Oct-2018 19:24:10 UTC] PHP Notice:  Theme without comments.php is <strong>deprecated</strong> since version 3.0.0 with no alternative available. Please include a comments.php template in your theme. in /Applications/MAMP/htdocs/labo1_CMP/wp-includes/functions.php on line 3984
[02-Oct-2018 19:24:17 UTC] PHP Notice:  Theme without comments.php is <strong>deprecated</strong> since version 3.0.0 with no alternative available. Please include a comments.php template in your theme. in /Applications/MAMP/htdocs/labo1_CMP/wp-includes/functions.php on line 3984
[02-Oct-2018 19:24:19 UTC] PHP Notice:  Theme without comments.php is <strong>deprecated</strong> since version 3.0.0 with no alternative available. Please include a comments.php template in your theme. in /Applications/MAMP/htdocs/labo1_CMP/wp-includes/functions.php on line 3984
[02-Oct-2018 19:24:54 UTC] PHP Notice:  Trying to get property of non-object in /Applications/MAMP/htdocs/labo1_CMP/wp-includes/post-template.php on line 298
[02-Oct-2018 19:25:04 UTC] PHP Notice:  Theme without comments.php is <strong>deprecated</strong> since version 3.0.0 with no alternative available. Please include a comments.php template in your theme. in /Applications/MAMP/htdocs/labo1_CMP/wp-includes/functions.php on line 3984
[02-Oct-2018 19:25:08 UTC] PHP Notice:  Theme without comments.php is <strong>deprecated</strong> since version 3.0.0 with no alternative available. Please include a comments.php template in your theme. in /Applications/MAMP/htdocs/labo1_CMP/wp-includes/functions.php on line 3984
